<?xml version="1.0" encoding="UTF-8"?>
<!-- Generated by org.testng.reporters.JUnitReportReporter -->
<testsuite hostname="LAPTOP-1I0UICJP" failures="0" tests="1" name="com.qa.testcases.GET_users" time="0.000" errors="0" timestamp="2022-05-03T18:26:17 PDT" skipped="1">
  <testcase classname="com.qa.testcases.GET_users" name="dataValidation" time="0.000">
    <skipped/>
  </testcase> <!-- dataValidation -->
  <system-out/>
</testsuite> <!-- com.qa.testcases.GET_users -->
